[2023-02-04T14:25:32.636Z] Log level: Info
[2023-02-04T14:25:32.639Z] [info] Validating found git in: git
[2023-02-04T14:25:32.665Z] [info] Using git 2.35.1 from git
[2023-02-04T14:25:32.679Z] > git rev-parse --show-toplevel [2ms]
[2023-02-04T14:25:32.688Z] > git rev-parse --git-dir --git-common-dir [2ms]
[2023-02-04T14:25:32.696Z] [info] Open repository: /root/Desktop/android-kernel/private/msm-google
[2023-02-04T14:25:32.978Z] > git status -z -uall [274ms]
[2023-02-04T14:25:32.990Z] > git symbolic-ref --short HEAD [6ms]
[2023-02-04T14:25:32.990Z] fatal: ref HEAD is not a symbolic ref
[2023-02-04T14:25:33.017Z] > git rev-parse HEAD [4ms]
[2023-02-04T14:25:33.031Z] > git remote --verbose [2ms]
[2023-02-04T14:25:33.095Z] > git for-each-ref --sort -committerdate --format %(refname) %(objectname) %(*objectname) [72ms]
[2023-02-04T14:25:33.127Z] > git config --get commit.template [2ms]
[2023-02-04T14:25:33.228Z] > git show --textconv :arch/arm64/configs/floral_defconfig [31ms]
[2023-02-04T14:25:33.243Z] > git ls-files --stage -- /root/Desktop/android-kernel/private/msm-google/arch/arm64/configs/floral_defconfig [22ms]
[2023-02-04T14:25:33.254Z] > git cat-file -s 765bb2538af3825f0eba50f03146963a2d056bcb [3ms]
[2023-02-04T14:25:33.403Z] > git status -z -uall [264ms]
[2023-02-04T14:25:33.415Z] > git symbolic-ref --short HEAD [5ms]
[2023-02-04T14:25:33.415Z] fatal: ref HEAD is not a symbolic ref
[2023-02-04T14:25:33.423Z] > git rev-parse HEAD [1ms]
[2023-02-04T14:25:33.450Z] > git check-ignore -v -z --stdin [48ms]
[2023-02-04T14:25:33.451Z] > git remote --verbose [9ms]
[2023-02-04T14:25:33.510Z] > git for-each-ref --sort -committerdate --format %(refname) %(objectname) %(*objectname) [79ms]
[2023-02-04T14:25:33.526Z] > git config --get commit.template [2ms]
[2023-02-04T14:25:35.793Z] > git status -z -uall [201ms]
[2023-02-04T14:25:35.799Z] > git symbolic-ref --short HEAD [2ms]
[2023-02-04T14:25:35.799Z] fatal: ref HEAD is not a symbolic ref
[2023-02-04T14:25:35.806Z] > git rev-parse HEAD [1ms]
[2023-02-04T14:25:35.821Z] > git remote --verbose [2ms]
[2023-02-04T14:25:35.871Z] > git for-each-ref --sort -committerdate --format %(refname) %(objectname) %(*objectname) [56ms]
[2023-02-04T14:25:35.893Z] > git config --get commit.template [6ms]
[2023-02-04T14:25:41.095Z] > git status -z -uall [196ms]
[2023-02-04T14:25:41.101Z] > git symbolic-ref --short HEAD [2ms]
[2023-02-04T14:25:41.101Z] fatal: ref HEAD is not a symbolic ref
[2023-02-04T14:25:41.108Z] > git rev-parse HEAD [2ms]
[2023-02-04T14:25:41.120Z] > git remote --verbose [2ms]
[2023-02-04T14:25:41.177Z] > git for-each-ref --sort -committerdate --format %(refname) %(objectname) %(*objectname) [64ms]
[2023-02-04T14:25:41.190Z] > git config --get commit.template [1ms]
[2023-02-04T14:25:46.406Z] > git status -z -uall [209ms]
[2023-02-04T14:25:46.411Z] > git symbolic-ref --short HEAD [1ms]
[2023-02-04T14:25:46.411Z] fatal: ref HEAD is not a symbolic ref
[2023-02-04T14:25:46.417Z] > git rev-parse HEAD [1ms]
[2023-02-04T14:25:46.427Z] > git remote --verbose [2ms]
[2023-02-04T14:25:46.475Z] > git for-each-ref --sort -committerdate --format %(refname) %(objectname) %(*objectname) [54ms]
[2023-02-04T14:25:46.499Z] > git config --get commit.template [2ms]
[2023-02-04T14:25:51.707Z] > git status -z -uall [196ms]
[2023-02-04T14:25:51.714Z] > git symbolic-ref --short HEAD [3ms]
[2023-02-04T14:25:51.714Z] fatal: ref HEAD is not a symbolic ref
[2023-02-04T14:25:51.719Z] > git rev-parse HEAD [1ms]
[2023-02-04T14:25:51.733Z] > git remote --verbose [1ms]
[2023-02-04T14:25:51.785Z] > git for-each-ref --sort -committerdate --format %(refname) %(objectname) %(*objectname) [58ms]
[2023-02-04T14:25:51.803Z] > git config --get commit.template [1ms]
[2023-02-04T14:27:05.112Z] > git status -z -uall [230ms]
[2023-02-04T14:27:05.128Z] > git symbolic-ref --short HEAD [6ms]
[2023-02-04T14:27:05.128Z] fatal: ref HEAD is not a symbolic ref
[2023-02-04T14:27:05.135Z] > git rev-parse HEAD [1ms]
[2023-02-04T14:27:05.147Z] > git remote --verbose [2ms]
[2023-02-04T14:27:05.204Z] > git for-each-ref --sort -committerdate --format %(refname) %(objectname) %(*objectname) [64ms]
[2023-02-04T14:27:05.225Z] > git config --get commit.template [2ms]
[2023-02-04T14:27:10.420Z] > git status -z -uall [187ms]
[2023-02-04T14:27:10.427Z] > git symbolic-ref --short HEAD [2ms]
[2023-02-04T14:27:10.427Z] fatal: ref HEAD is not a symbolic ref
[2023-02-04T14:27:10.434Z] > git rev-parse HEAD [2ms]
[2023-02-04T14:27:10.447Z] > git remote --verbose [2ms]
[2023-02-04T14:27:10.500Z] > git for-each-ref --sort -committerdate --format %(refname) %(objectname) %(*objectname) [60ms]
[2023-02-04T14:27:10.519Z] > git config --get commit.template [2ms]
[2023-02-04T14:27:15.714Z] > git status -z -uall [189ms]
[2023-02-04T14:27:15.721Z] > git symbolic-ref --short HEAD [2ms]
[2023-02-04T14:27:15.721Z] fatal: ref HEAD is not a symbolic ref
[2023-02-04T14:27:15.727Z] > git rev-parse HEAD [2ms]
[2023-02-04T14:27:15.738Z] > git remote --verbose [2ms]
[2023-02-04T14:27:15.784Z] > git for-each-ref --sort -committerdate --format %(refname) %(objectname) %(*objectname) [51ms]
[2023-02-04T14:27:15.819Z] > git config --get commit.template [1ms]
[2023-02-04T14:27:21.011Z] > git status -z -uall [181ms]
[2023-02-04T14:27:21.017Z] > git symbolic-ref --short HEAD [1ms]
[2023-02-04T14:27:21.017Z] fatal: ref HEAD is not a symbolic ref
[2023-02-04T14:27:21.022Z] > git rev-parse HEAD [1ms]
[2023-02-04T14:27:21.034Z] > git remote --verbose [1ms]
[2023-02-04T14:27:21.083Z] > git for-each-ref --sort -committerdate --format %(refname) %(objectname) %(*objectname) [54ms]
[2023-02-04T14:27:21.100Z] > git config --get commit.template [2ms]
[2023-02-04T14:27:26.309Z] > git status -z -uall [202ms]
[2023-02-04T14:27:26.315Z] > git symbolic-ref --short HEAD [2ms]
[2023-02-04T14:27:26.315Z] fatal: ref HEAD is not a symbolic ref
[2023-02-04T14:27:26.321Z] > git rev-parse HEAD [1ms]
[2023-02-04T14:27:26.334Z] > git remote --verbose [4ms]
[2023-02-04T14:27:26.384Z] > git for-each-ref --sort -committerdate --format %(refname) %(objectname) %(*objectname) [58ms]
[2023-02-04T14:27:26.405Z] > git config --get commit.template [1ms]
[2023-02-04T14:27:31.600Z] > git status -z -uall [187ms]
[2023-02-04T14:27:31.607Z] > git symbolic-ref --short HEAD [2ms]
[2023-02-04T14:27:31.607Z] fatal: ref HEAD is not a symbolic ref
[2023-02-04T14:27:31.613Z] > git rev-parse HEAD [1ms]
[2023-02-04T14:27:31.624Z] > git remote --verbose [2ms]
[2023-02-04T14:27:31.673Z] > git for-each-ref --sort -committerdate --format %(refname) %(objectname) %(*objectname) [55ms]
[2023-02-04T14:27:31.691Z] > git config --get commit.template [2ms]
[2023-02-04T14:27:36.888Z] > git status -z -uall [190ms]
[2023-02-04T14:27:36.894Z] > git symbolic-ref --short HEAD [1ms]
[2023-02-04T14:27:36.894Z] fatal: ref HEAD is not a symbolic ref
[2023-02-04T14:27:36.900Z] > git rev-parse HEAD [1ms]
[2023-02-04T14:27:36.912Z] > git remote --verbose [2ms]
[2023-02-04T14:27:36.966Z] > git for-each-ref --sort -committerdate --format %(refname) %(objectname) %(*objectname) [61ms]
[2023-02-04T14:27:36.984Z] > git config --get commit.template [1ms]
[2023-02-04T14:27:42.165Z] > git status -z -uall [172ms]
[2023-02-04T14:27:42.171Z] > git symbolic-ref --short HEAD [2ms]
[2023-02-04T14:27:42.171Z] fatal: ref HEAD is not a symbolic ref
[2023-02-04T14:27:42.177Z] > git rev-parse HEAD [1ms]
[2023-02-04T14:27:42.188Z] > git remote --verbose [2ms]
[2023-02-04T14:27:42.236Z] > git for-each-ref --sort -committerdate --format %(refname) %(objectname) %(*objectname) [55ms]
[2023-02-04T14:27:42.253Z] > git config --get commit.template [1ms]
[2023-02-04T14:27:47.459Z] > git status -z -uall [198ms]
[2023-02-04T14:27:47.466Z] > git symbolic-ref --short HEAD [2ms]
[2023-02-04T14:27:47.466Z] fatal: ref HEAD is not a symbolic ref
[2023-02-04T14:27:47.471Z] > git rev-parse HEAD [1ms]
[2023-02-04T14:27:47.481Z] > git remote --verbose [2ms]
[2023-02-04T14:27:47.528Z] > git for-each-ref --sort -committerdate --format %(refname) %(objectname) %(*objectname) [52ms]
[2023-02-04T14:27:47.550Z] > git config --get commit.template [1ms]
[2023-02-04T14:27:52.741Z] > git status -z -uall [184ms]
[2023-02-04T14:27:52.747Z] > git symbolic-ref --short HEAD [1ms]
[2023-02-04T14:27:52.747Z] fatal: ref HEAD is not a symbolic ref
[2023-02-04T14:27:52.753Z] > git rev-parse HEAD [1ms]
[2023-02-04T14:27:52.766Z] > git remote --verbose [2ms]
[2023-02-04T14:27:52.819Z] > git for-each-ref --sort -committerdate --format %(refname) %(objectname) %(*objectname) [61ms]
[2023-02-04T14:27:52.837Z] > git config --get commit.template [1ms]
[2023-02-04T14:27:58.030Z] > git status -z -uall [187ms]
[2023-02-04T14:27:58.036Z] > git symbolic-ref --short HEAD [2ms]
[2023-02-04T14:27:58.036Z] fatal: ref HEAD is not a symbolic ref
[2023-02-04T14:27:58.043Z] > git rev-parse HEAD [2ms]
[2023-02-04T14:27:58.054Z] > git remote --verbose [2ms]
[2023-02-04T14:27:58.104Z] > git for-each-ref --sort -committerdate --format %(refname) %(objectname) %(*objectname) [56ms]
[2023-02-04T14:27:58.124Z] > git config --get commit.template [3ms]
[2023-02-04T14:28:03.335Z] > git status -z -uall [204ms]
[2023-02-04T14:28:03.342Z] > git symbolic-ref --short HEAD [1ms]
[2023-02-04T14:28:03.342Z] fatal: ref HEAD is not a symbolic ref
[2023-02-04T14:28:03.348Z] > git rev-parse HEAD [1ms]
[2023-02-04T14:28:03.358Z] > git remote --verbose [2ms]
[2023-02-04T14:28:03.408Z] > git for-each-ref --sort -committerdate --format %(refname) %(objectname) %(*objectname) [56ms]
[2023-02-04T14:28:03.427Z] > git config --get commit.template [1ms]
[2023-02-04T14:28:08.619Z] > git status -z -uall [186ms]
[2023-02-04T14:28:08.626Z] > git symbolic-ref --short HEAD [1ms]
[2023-02-04T14:28:08.626Z] fatal: ref HEAD is not a symbolic ref
[2023-02-04T14:28:08.632Z] > git rev-parse HEAD [1ms]
[2023-02-04T14:28:08.643Z] > git remote --verbose [2ms]
[2023-02-04T14:28:08.693Z] > git for-each-ref --sort -committerdate --format %(refname) %(objectname) %(*objectname) [56ms]
[2023-02-04T14:28:08.713Z] > git config --get commit.template [2ms]
[2023-02-04T14:28:13.907Z] > git status -z -uall [188ms]
[2023-02-04T14:28:13.913Z] > git symbolic-ref --short HEAD [1ms]
[2023-02-04T14:28:13.913Z] fatal: ref HEAD is not a symbolic ref
[2023-02-04T14:28:13.918Z] > git rev-parse HEAD [1ms]
[2023-02-04T14:28:13.927Z] > git remote --verbose [1ms]
[2023-02-04T14:28:13.980Z] > git for-each-ref --sort -committerdate --format %(refname) %(objectname) %(*objectname) [58ms]
[2023-02-04T14:28:14.000Z] > git config --get commit.template [1ms]
[2023-02-04T14:28:19.189Z] > git status -z -uall [181ms]
[2023-02-04T14:28:19.196Z] > git symbolic-ref --short HEAD [1ms]
[2023-02-04T14:28:19.196Z] fatal: ref HEAD is not a symbolic ref
[2023-02-04T14:28:19.203Z] > git rev-parse HEAD [2ms]
[2023-02-04T14:28:19.214Z] > git remote --verbose [2ms]
[2023-02-04T14:28:19.260Z] > git for-each-ref --sort -committerdate --format %(refname) %(objectname) %(*objectname) [52ms]
[2023-02-04T14:28:19.283Z] > git config --get commit.template [3ms]
[2023-02-04T14:28:24.475Z] > git status -z -uall [185ms]
[2023-02-04T14:28:24.481Z] > git symbolic-ref --short HEAD [1ms]
[2023-02-04T14:28:24.481Z] fatal: ref HEAD is not a symbolic ref
[2023-02-04T14:28:24.488Z] > git rev-parse HEAD [2ms]
[2023-02-04T14:28:24.497Z] > git remote --verbose [1ms]
[2023-02-04T14:28:24.553Z] > git for-each-ref --sort -committerdate --format %(refname) %(objectname) %(*objectname) [61ms]
[2023-02-04T14:28:24.570Z] > git config --get commit.template [1ms]
[2023-02-04T14:28:29.755Z] > git status -z -uall [178ms]
[2023-02-04T14:28:29.762Z] > git symbolic-ref --short HEAD [2ms]
[2023-02-04T14:28:29.762Z] fatal: ref HEAD is not a symbolic ref
[2023-02-04T14:28:29.767Z] > git rev-parse HEAD [1ms]
[2023-02-04T14:28:29.777Z] > git remote --verbose [2ms]
[2023-02-04T14:28:29.827Z] > git for-each-ref --sort -committerdate --format %(refname) %(objectname) %(*objectname) [56ms]
[2023-02-04T14:28:29.845Z] > git config --get commit.template [1ms]
[2023-02-04T14:28:35.033Z] > git status -z -uall [182ms]
[2023-02-04T14:28:35.049Z] > git symbolic-ref --short HEAD [2ms]
[2023-02-04T14:28:35.049Z] fatal: ref HEAD is not a symbolic ref
[2023-02-04T14:28:35.055Z] > git rev-parse HEAD [2ms]
[2023-02-04T14:28:35.064Z] > git remote --verbose [1ms]
[2023-02-04T14:28:35.111Z] > git for-each-ref --sort -committerdate --format %(refname) %(objectname) %(*objectname) [52ms]
[2023-02-04T14:28:35.139Z] > git config --get commit.template [1ms]
[2023-02-04T14:28:40.342Z] > git status -z -uall [195ms]
[2023-02-04T14:28:40.347Z] > git symbolic-ref --short HEAD [1ms]
[2023-02-04T14:28:40.348Z] fatal: ref HEAD is not a symbolic ref
[2023-02-04T14:28:40.354Z] > git rev-parse HEAD [1ms]
[2023-02-04T14:28:40.365Z] > git remote --verbose [1ms]
[2023-02-04T14:28:40.420Z] > git for-each-ref --sort -committerdate --format %(refname) %(objectname) %(*objectname) [61ms]
[2023-02-04T14:28:40.440Z] > git config --get commit.template [3ms]
[2023-02-04T14:28:45.671Z] > git status -z -uall [223ms]
[2023-02-04T14:28:45.677Z] > git symbolic-ref --short HEAD [2ms]
[2023-02-04T14:28:45.677Z] fatal: ref HEAD is not a symbolic ref
[2023-02-04T14:28:45.683Z] > git rev-parse HEAD [2ms]
[2023-02-04T14:28:45.692Z] > git remote --verbose [2ms]
[2023-02-04T14:28:45.746Z] > git for-each-ref --sort -committerdate --format %(refname) %(objectname) %(*objectname) [59ms]
[2023-02-04T14:28:45.764Z] > git config --get commit.template [1ms]
[2023-02-04T14:28:50.976Z] > git status -z -uall [205ms]
[2023-02-04T14:28:50.981Z] > git symbolic-ref --short HEAD [1ms]
[2023-02-04T14:28:50.981Z] fatal: ref HEAD is not a symbolic ref
[2023-02-04T14:28:50.987Z] > git rev-parse HEAD [1ms]
[2023-02-04T14:28:50.998Z] > git remote --verbose [2ms]
[2023-02-04T14:28:51.055Z] > git for-each-ref --sort -committerdate --format %(refname) %(objectname) %(*objectname) [64ms]
[2023-02-04T14:28:51.075Z] > git config --get commit.template [2ms]
